<?xml version="1.0" encoding="UTF-8"?>
<testng-results skipped="0" failed="0" ignored="0" total="1" passed="1">
  <reporter-output>
  </reporter-output>
  <suite name="Suite" duration-ms="21748" started-at="2018-07-15T06:47:48Z" finished-at="2018-07-15T06:48:10Z">
    <groups>
    </groups>
    <test name="Test" duration-ms="21748" started-at="2018-07-15T06:47:48Z" finished-at="2018-07-15T06:48:10Z">
      <class name="leaf.leads.CreateLead">
        <test-method status="PASS" signature="beforeSuite()[pri:0, instance:leaf.leads.CreateLead@bdf5e5]" name="beforeSuite" is-config="true" duration-ms="527" started-at="2018-07-15T06:47:47Z" finished-at="2018-07-15T06:47:48Z">
          <reporter-output>
          </reporter-output>
        </test-method> <!-- beforeSuite -->
        <test-method status="PASS" signature="beforeTest()[pri:0, instance:leaf.leads.CreateLead@bdf5e5]" name="beforeTest" is-config="true" duration-ms="0" started-at="2018-07-15T06:47:48Z" finished-at="2018-07-15T06:47:48Z">
          <reporter-output>
          </reporter-output>
        </test-method> <!-- beforeTest -->
        <test-method status="PASS" signature="setValue()[pri:0, instance:leaf.leads.CreateLead@bdf5e5]" name="setValue" is-config="true" duration-ms="0" started-at="2018-07-15T06:47:48Z" depends-on-methods="lib.selenium.PreAndPost.beforeTest" finished-at="2018-07-15T06:47:48Z">
          <reporter-output>
          </reporter-output>
        </test-method> <!-- setValue -->
        <test-method status="PASS" signature="beforeClass()[pri:0, instance:leaf.leads.CreateLead@bdf5e5]" name="beforeClass" is-config="true" duration-ms="1" started-at="2018-07-15T06:47:48Z" finished-at="2018-07-15T06:47:48Z">
          <reporter-output>
          </reporter-output>
        </test-method> <!-- beforeClass -->
        <test-method status="PASS" signature="beforeMethod(java.lang.String, java.lang.String)[pri:0, instance:leaf.leads.CreateLead@bdf5e5]" name="beforeMethod" is-config="true" duration-ms="11269" started-at="2018-07-15T06:47:49Z" finished-at="2018-07-15T06:48:00Z">
          <params>
            <param index="0">
              <value>
                <![CDATA[http://leaftaps.com/opentaps]]>
              </value>
            </param>
            <param index="1">
              <value>
                <![CDATA[DemoSalesManager]]>
              </value>
            </param>
          </params>
          <reporter-output>
          </reporter-output>
        </test-method> <!-- beforeMethod -->
        <test-method status="PASS" signature="createLead(java.lang.String, java.lang.String, java.lang.String, java.lang.String, java.lang.String)[pri:0, instance:leaf.leads.CreateLead@bdf5e5]" name="createLead" duration-ms="9473" started-at="2018-07-15T06:48:00Z" data-provider="Test" finished-at="2018-07-15T06:48:10Z">
          <params>
            <param index="0">
              <value>
                <![CDATA[Hexa]]>
              </value>
            </param>
            <param index="1">
              <value>
                <![CDATA[AATHI]]>
              </value>
            </param>
            <param index="2">
              <value>
                <![CDATA[P]]>
              </value>
            </param>
            <param index="3">
              <value>
                <![CDATA[aathi@h.com]]>
              </value>
            </param>
            <param index="4">
              <value>
                <![CDATA[9987654356]]>
              </value>
            </param>
          </params>
          <reporter-output>
          </reporter-output>
        </test-method> <!-- createLead -->
        <test-method status="PASS" signature="afterMethod()[pri:0, instance:leaf.leads.CreateLead@bdf5e5]" name="afterMethod" is-config="true" duration-ms="108" started-at="2018-07-15T06:48:10Z" finished-at="2018-07-15T06:48:10Z">
          <reporter-output>
          </reporter-output>
        </test-method> <!-- afterMethod -->
        <test-method status="PASS" signature="afterClass()[pri:0, instance:leaf.leads.CreateLead@bdf5e5]" name="afterClass" is-config="true" duration-ms="0" started-at="2018-07-15T06:48:10Z" finished-at="2018-07-15T06:48:10Z">
          <reporter-output>
          </reporter-output>
        </test-method> <!-- afterClass -->
        <test-method status="PASS" signature="afterTest()[pri:0, instance:leaf.leads.CreateLead@bdf5e5]" name="afterTest" is-config="true" duration-ms="1" started-at="2018-07-15T06:48:10Z" finished-at="2018-07-15T06:48:10Z">
          <reporter-output>
          </reporter-output>
        </test-method> <!-- afterTest -->
        <test-method status="PASS" signature="afterSuite()[pri:0, instance:leaf.leads.CreateLead@bdf5e5]" name="afterSuite" is-config="true" duration-ms="461" started-at="2018-07-15T06:48:10Z" finished-at="2018-07-15T06:48:10Z">
          <reporter-output>
          </reporter-output>
        </test-method> <!-- afterSuite -->
      </class> <!-- leaf.leads.CreateLead -->
    </test> <!-- Test -->
  </suite> <!-- Suite -->
</testng-results>
